[2015-11-15 19:49:20] production.ERROR: exception 'Illuminate\Container\BindingResolutionException' with message 'Unresolvable dependency resolving [Parameter #0 [ <required> $schemeDefinitionPath ]] in class CreditorsController' in C:\wamp\www\simple-invoicing-system\bootstrap\compiled.php:270
Stack trace:
#0 C:\wamp\www\simple-invoicing-system\bootstrap\compiled.php(257): Illuminate\Container\Container->resolveNonClass(Object(ReflectionParameter))
#1 C:\wamp\www\simple-invoicing-system\bootstrap\compiled.php(246): Illuminate\Container\Container->getDependencies(Array, Array)
#2 C:\wamp\www\simple-invoicing-system\bootstrap\compiled.php(205): Illuminate\Container\Container->build('CreditorsContro...', Array)
#3 C:\wamp\www\simple-invoicing-system\bootstrap\compiled.php(583): Illuminate\Container\Container->make('CreditorsContro...', Array)
#4 C:\wamp\www\simple-invoicing-system\bootstrap\compiled.php(5842): Illuminate\Foundation\Application->make('CreditorsContro...')
#5 C:\wamp\www\simple-invoicing-system\bootstrap\compiled.php(5831): Illuminate\Routing\ControllerDispatcher->makeController('CreditorsContro...')
#6 C:\wamp\www\simple-invoicing-system\bootstrap\compiled.php(5040): Illuminate\Routing\ControllerDispatcher->dispatch(Object(Illuminate\Routing\Route), Object(Illuminate\Http\Request), 'CreditorsContro...', 'store')
#7 [internal function]: Illuminate\Routing\Router->Illuminate\Routing\{closure}()
#8 C:\wamp\www\simple-invoicing-system\bootstrap\compiled.php(5398): call_user_func_array(Object(Closure), Array)
#9 C:\wamp\www\simple-invoicing-system\bootstrap\compiled.php(5065): Illuminate\Routing\Route->run(Object(Illuminate\Http\Request))
#10 C:\wamp\www\simple-invoicing-system\bootstrap\compiled.php(5053): Illuminate\Routing\Router->dispatchToRoute(Object(Illuminate\Http\Request))
#11 C:\wamp\www\simple-invoicing-system\bootstrap\compiled.php(715): Illuminate\Routing\Router->dispatch(Object(Illuminate\Http\Request))
#12 C:\wamp\www\simple-invoicing-system\bootstrap\compiled.php(696): Illuminate\Foundation\Application->dispatch(Object(Illuminate\Http\Request))
#13 C:\wamp\www\simple-invoicing-system\bootstrap\compiled.php(7825): Illuminate\Foundation\Application->handle(Object(Illuminate\Http\Request), 1, true)
#14 C:\wamp\www\simple-invoicing-system\bootstrap\compiled.php(8432): Illuminate\Session\Middleware->handle(Object(Illuminate\Http\Request), 1, true)
#15 C:\wamp\www\simple-invoicing-system\bootstrap\compiled.php(8379): Illuminate\Cookie\Queue->handle(Object(Illuminate\Http\Request), 1, true)
#16 C:\wamp\www\simple-invoicing-system\bootstrap\compiled.php(11088): Illuminate\Cookie\Guard->handle(Object(Illuminate\Http\Request), 1, true)
#17 C:\wamp\www\simple-invoicing-system\bootstrap\compiled.php(657): Stack\StackedHttpKernel->handle(Object(Illuminate\Http\Request))
#18 C:\wamp\www\simple-invoicing-system\public\index.php(49): Illuminate\Foundation\Application->run()
#19 {main} [] []
[2015-11-15 19:49:57] production.ERROR: exception 'Illuminate\Container\BindingResolutionException' with message 'Unresolvable dependency resolving [Parameter #0 [ <required> $schemeDefinitionPath ]] in class CreditorsController' in C:\wamp\www\simple-invoicing-system\bootstrap\compiled.php:270
Stack trace:
#0 C:\wamp\www\simple-invoicing-system\bootstrap\compiled.php(257): Illuminate\Container\Container->resolveNonClass(Object(ReflectionParameter))
#1 C:\wamp\www\simple-invoicing-system\bootstrap\compiled.php(246): Illuminate\Container\Container->getDependencies(Array, Array)
#2 C:\wamp\www\simple-invoicing-system\bootstrap\compiled.php(205): Illuminate\Container\Container->build('CreditorsContro...', Array)
#3 C:\wamp\www\simple-invoicing-system\bootstrap\compiled.php(583): Illuminate\Container\Container->make('CreditorsContro...', Array)
#4 C:\wamp\www\simple-invoicing-system\bootstrap\compiled.php(5842): Illuminate\Foundation\Application->make('CreditorsContro...')
#5 C:\wamp\www\simple-invoicing-system\bootstrap\compiled.php(5831): Illuminate\Routing\ControllerDispatcher->makeController('CreditorsContro...')
#6 C:\wamp\www\simple-invoicing-system\bootstrap\compiled.php(5040): Illuminate\Routing\ControllerDispatcher->dispatch(Object(Illuminate\Routing\Route), Object(Illuminate\Http\Request), 'CreditorsContro...', 'store')
#7 [internal function]: Illuminate\Routing\Router->Illuminate\Routing\{closure}()
#8 C:\wamp\www\simple-invoicing-system\bootstrap\compiled.php(5398): call_user_func_array(Object(Closure), Array)
#9 C:\wamp\www\simple-invoicing-system\bootstrap\compiled.php(5065): Illuminate\Routing\Route->run(Object(Illuminate\Http\Request))
#10 C:\wamp\www\simple-invoicing-system\bootstrap\compiled.php(5053): Illuminate\Routing\Router->dispatchToRoute(Object(Illuminate\Http\Request))
#11 C:\wamp\www\simple-invoicing-system\bootstrap\compiled.php(715): Illuminate\Routing\Router->dispatch(Object(Illuminate\Http\Request))
#12 C:\wamp\www\simple-invoicing-system\bootstrap\compiled.php(696): Illuminate\Foundation\Application->dispatch(Object(Illuminate\Http\Request))
#13 C:\wamp\www\simple-invoicing-system\bootstrap\compiled.php(7825): Illuminate\Foundation\Application->handle(Object(Illuminate\Http\Request), 1, true)
#14 C:\wamp\www\simple-invoicing-system\bootstrap\compiled.php(8432): Illuminate\Session\Middleware->handle(Object(Illuminate\Http\Request), 1, true)
#15 C:\wamp\www\simple-invoicing-system\bootstrap\compiled.php(8379): Illuminate\Cookie\Queue->handle(Object(Illuminate\Http\Request), 1, true)
#16 C:\wamp\www\simple-invoicing-system\bootstrap\compiled.php(11088): Illuminate\Cookie\Guard->handle(Object(Illuminate\Http\Request), 1, true)
#17 C:\wamp\www\simple-invoicing-system\bootstrap\compiled.php(657): Stack\StackedHttpKernel->handle(Object(Illuminate\Http\Request))
#18 C:\wamp\www\simple-invoicing-system\public\index.php(49): Illuminate\Foundation\Application->run()
#19 {main} [] []
[2015-11-15 19:50:37] production.ERROR: exception 'Illuminate\Container\BindingResolutionException' with message 'Unresolvable dependency resolving [Parameter #0 [ <required> $schemeDefinitionPath ]] in class CreditorsController' in C:\wamp\www\simple-invoicing-system\bootstrap\compiled.php:270
Stack trace:
#0 C:\wamp\www\simple-invoicing-system\bootstrap\compiled.php(257): Illuminate\Container\Container->resolveNonClass(Object(ReflectionParameter))
#1 C:\wamp\www\simple-invoicing-system\bootstrap\compiled.php(246): Illuminate\Container\Container->getDependencies(Array, Array)
#2 C:\wamp\www\simple-invoicing-system\bootstrap\compiled.php(205): Illuminate\Container\Container->build('CreditorsContro...', Array)
#3 C:\wamp\www\simple-invoicing-system\bootstrap\compiled.php(583): Illuminate\Container\Container->make('CreditorsContro...', Array)
#4 C:\wamp\www\simple-invoicing-system\bootstrap\compiled.php(5842): Illuminate\Foundation\Application->make('CreditorsContro...')
#5 C:\wamp\www\simple-invoicing-system\bootstrap\compiled.php(5831): Illuminate\Routing\ControllerDispatcher->makeController('CreditorsContro...')
#6 C:\wamp\www\simple-invoicing-system\bootstrap\compiled.php(5040): Illuminate\Routing\ControllerDispatcher->dispatch(Object(Illuminate\Routing\Route), Object(Illuminate\Http\Request), 'CreditorsContro...', 'store')
#7 [internal function]: Illuminate\Routing\Router->Illuminate\Routing\{closure}()
#8 C:\wamp\www\simple-invoicing-system\bootstrap\compiled.php(5398): call_user_func_array(Object(Closure), Array)
#9 C:\wamp\www\simple-invoicing-system\bootstrap\compiled.php(5065): Illuminate\Routing\Route->run(Object(Illuminate\Http\Request))
#10 C:\wamp\www\simple-invoicing-system\bootstrap\compiled.php(5053): Illuminate\Routing\Router->dispatchToRoute(Object(Illuminate\Http\Request))
#11 C:\wamp\www\simple-invoicing-system\bootstrap\compiled.php(715): Illuminate\Routing\Router->dispatch(Object(Illuminate\Http\Request))
#12 C:\wamp\www\simple-invoicing-system\bootstrap\compiled.php(696): Illuminate\Foundation\Application->dispatch(Object(Illuminate\Http\Request))
#13 C:\wamp\www\simple-invoicing-system\bootstrap\compiled.php(7825): Illuminate\Foundation\Application->handle(Object(Illuminate\Http\Request), 1, true)
#14 C:\wamp\www\simple-invoicing-system\bootstrap\compiled.php(8432): Illuminate\Session\Middleware->handle(Object(Illuminate\Http\Request), 1, true)
#15 C:\wamp\www\simple-invoicing-system\bootstrap\compiled.php(8379): Illuminate\Cookie\Queue->handle(Object(Illuminate\Http\Request), 1, true)
#16 C:\wamp\www\simple-invoicing-system\bootstrap\compiled.php(11088): Illuminate\Cookie\Guard->handle(Object(Illuminate\Http\Request), 1, true)
#17 C:\wamp\www\simple-invoicing-system\bootstrap\compiled.php(657): Stack\StackedHttpKernel->handle(Object(Illuminate\Http\Request))
#18 C:\wamp\www\simple-invoicing-system\public\index.php(49): Illuminate\Foundation\Application->run()
#19 {main} [] []
